<?xml version="1.0" encoding="UTF-8"?>
<!-- Generated by org.testng.reporters.JUnitReportReporter -->
<testsuite hostname="197nodnb11637t1" failures="0" tests="2" name="homeseleniump1.annotgroupsandpriority" time="0.013" errors="0" timestamp="06 May 2020 10:29:45 GMT" skipped="0">
  <testcase classname="homeseleniump1.annotgroupsandpriority" name="c" time="0.012"/>
  <testcase classname="homeseleniump1.annotgroupsandpriority" name="a" time="0.001"/>
</testsuite> <!-- homeseleniump1.annotgroupsandpriority -->
