<?xml version="1.0" encoding="UTF-8"?>
<!-- Generated by org.testng.reporters.JUnitReportReporter -->
<testsuite hostname="197nodnb11637t1" failures="0" tests="1" name="homeseleniump1.allannotation" time="0.015" errors="0" timestamp="06 May 2020 09:57:49 GMT" skipped="0">
  <testcase classname="homeseleniump1.allannotation" name="f" time="0.015"/>
</testsuite> <!-- homeseleniump1.allannotation -->
